\BOOKMARK [0][-]{chapter*.7}{Glosario}{}% 1
\BOOKMARK [0][-]{chapter*.8}{Introducción}{}% 2
\BOOKMARK [0][-]{chapter.1}{Definición del problema}{}% 3
\BOOKMARK [1][-]{section.1.1}{Descripción}{chapter.1}% 4
\BOOKMARK [1][-]{section.1.2}{Objetivos}{chapter.1}% 5
\BOOKMARK [2][-]{subsection.1.2.1}{Objetivo\040general}{section.1.2}% 6
\BOOKMARK [2][-]{subsection.1.2.2}{Objetivos\040secundarios}{section.1.2}% 7
\BOOKMARK [1][-]{section.1.3}{Alcances}{chapter.1}% 8
\BOOKMARK [0][-]{chapter.2}{Estado\040del\040arte}{}% 9
\BOOKMARK [1][-]{section.2.1}{Fiscalización de derechos de propiedad intelectual}{chapter.2}% 10
\BOOKMARK [2][-]{subsection.2.1.1}{Content\040ID}{section.2.1}% 11
\BOOKMARK [2][-]{subsection.2.1.2}{Monitec}{section.2.1}% 12
\BOOKMARK [2][-]{subsection.2.1.3}{Vericast}{section.2.1}% 13
\BOOKMARK [1][-]{section.2.2}{Algoritmos de reconocimiento acústico}{chapter.2}% 14
\BOOKMARK [2][-]{subsection.2.2.1}{Paper\0401}{section.2.2}% 15
\BOOKMARK [1][-]{section.2.3}{Sistemas de reconocimiento acústico}{chapter.2}% 16
\BOOKMARK [2][-]{subsection.2.3.1}{Echoprint}{section.2.3}% 17
\BOOKMARK [2][-]{subsection.2.3.2}{ACRCloud}{section.2.3}% 18
\BOOKMARK [2][-]{subsection.2.3.3}{Echonest}{section.2.3}% 19
\BOOKMARK [2][-]{subsection.2.3.4}{Dejavu\040project}{section.2.3}% 20
\BOOKMARK [2][-]{subsection.2.3.5}{Chromaprint}{section.2.3}% 21
\BOOKMARK [0][-]{chapter.3}{Diseño de la solución}{}% 22
\BOOKMARK [1][-]{section.3.1}{Metodología}{chapter.3}% 23
\BOOKMARK [1][-]{section.3.2}{Selección de herramientas de desarrollo}{chapter.3}% 24
\BOOKMARK [2][-]{subsection.3.2.1}{Descripción de Dejavu Project}{section.3.2}% 25
\BOOKMARK [3][-]{subsubsection.3.2.1.1}{Análisis de funcionalidad}{subsection.3.2.1}% 26
\BOOKMARK [1][-]{section.3.3}{Descripción del programa}{chapter.3}% 27
\BOOKMARK [2][-]{subsection.3.3.1}{Fiscalización de una radioemisora online}{section.3.3}% 28
\BOOKMARK [2][-]{subsection.3.3.2}{Fiscalización paralela}{section.3.3}% 29
\BOOKMARK [0][-]{chapter.4}{Experimentos}{}% 30
\BOOKMARK [1][-]{section.4.1}{Características del equipo}{chapter.4}% 31
\BOOKMARK [1][-]{section.4.2}{Implementación}{chapter.4}% 32
\BOOKMARK [0][-]{chapter.5}{Resultados}{}% 33
\BOOKMARK [0][-]{chapter*.21}{Conclusiones}{}% 34
\BOOKMARK [0][-]{chapter.6}{Figuras}{}% 35
\BOOKMARK [1][-]{section.6.1}{1}{chapter.6}% 36
\BOOKMARK [0][-]{chapter.7}{Tablas}{}% 37
\BOOKMARK [1][-]{section.7.1}{1}{chapter.7}% 38
